Arguments: 
  C:\Program Files\nodejs\node.exe C:\Program Files (x86)\Yarn\bin\yarn.js add global expo-cli

PATH: 
  C:\Program Files\Git\mingw64\bin;C:\Program Files\Git\usr\bin;C:\Users\hp\bin;C:\ProgramData\DockerDesktop\version-bin;C:\Program Files\Docker\Docker\Resources\bin;C:\WINDOWS\system32;C:\WINDOWS;C:\WINDOWS\System32\Wbem;C:\WINDOWS\System32\WindowsPowerShell\v1.0;C:\Program Files\Git\cmd;C:\xampp2\php;C:\composer;C:\WINDOWS\System32\OpenSSH;C:\Program Files (x86)\Yarn\bin;C:\Users\hp\AppData\Roaming\nvm;C:\Program Files\nodejs;C:\Program Files\nodejs;C:\Go\bin;C:\Program Files\PostgreSQL\11\bin;C:\ProgramData\chocolatey\bin;C:\Users\hp\AppData\Local\Programs\Python\Python37\Scripts;C:\Users\hp\AppData\Local\Programs\Python\Python37;C:\Program Files\Microsoft VS Code\bin;C:\Users\hp\AppData\Local\Programs\Microsoft VS Code\bin;C:\Users\hp\AppData\Roaming\Composer\vendor\bin;C:\Program Files\heroku\bin;C:\Users\hp\AppData\Local\Microsoft\WindowsApps;C:\Users\hp\AppData\Local\Yarn\bin;C:\Users\hp\AppData\Roaming\nvm;C:\Program Files\nodejs;C:\Users\hp\AppData\Roaming\npm;C:\Users\hp\go\bin;C:\Program Files\PostgreSQL\11\bin

Yarn version: 
  1.19.0

Node version: 
  10.16.3

Platform: 
  win32 x64

Trace: 
  Error: https://registry.yarnpkg.com/rxjs/-/rxjs-6.5.4.tgz: ESOCKETTIMEDOUT
      at ClientRequest.<anonymous> (C:\Program Files (x86)\Yarn\lib\cli.js:141166:19)
      at Object.onceWrapper (events.js:286:20)
      at ClientRequest.emit (events.js:198:13)
      at TLSSocket.emitRequestTimeout (_http_client.js:662:40)
      at Object.onceWrapper (events.js:286:20)
      at TLSSocket.emit (events.js:198:13)
      at TLSSocket.Socket._onTimeout (net.js:442:8)
      at ontimeout (timers.js:436:11)
      at tryOnTimeout (timers.js:300:5)
      at listOnTimeout (timers.js:263:5)

npm manifest: 
  No manifest

yarn manifest: 
  No manifest

Lockfile: 
  No lockfile
